e:\7.数据结构代码\第三章\3.1 栈\debug\main.obj
e:\7.数据结构代码\第三章\3.1 栈\debug\vc110.pdb
e:\7.数据结构代码\第三章\debug\3.1 栈.ilk
e:\7.数据结构代码\第三章\debug\3.1 栈.exe
e:\7.数据结构代码\第三章\debug\3.1 栈.pdb
d:\1.督学营\6期\王道数据结构可运行代码\第三章\3.1 栈\debug\vc142.pdb
d:\1.督学营\6期\王道数据结构可运行代码\第三章\3.1 栈\debug\vc142.idb
d:\1.督学营\6期\王道数据结构可运行代码\第三章\3.1 栈\debug\main.obj
d:\1.督学营\6期\王道数据结构可运行代码\第三章\debug\3.1 栈.ilk
d:\1.督学营\6期\王道数据结构可运行代码\第三章\debug\3.1 栈.exe
d:\1.督学营\6期\王道数据结构可运行代码\第三章\debug\3.1 栈.pdb
d:\中级阶段\第三章 栈与队列\3.1 栈\debug\main.obj
d:\中级阶段\第三章 栈与队列\3.1 栈\debug\cl.command.1.tlog
d:\中级阶段\第三章 栈与队列\3.1 栈\debug\cl.read.1.tlog
d:\中级阶段\第三章 栈与队列\3.1 栈\debug\cl.write.1.tlog
d:\中级阶段\第三章 栈与队列\3.1 栈\debug\link-cvtres.read.1.tlog
d:\中级阶段\第三章 栈与队列\3.1 栈\debug\link-cvtres.write.1.tlog
d:\中级阶段\第三章 栈与队列\3.1 栈\debug\link-rc.read.1.tlog
d:\中级阶段\第三章 栈与队列\3.1 栈\debug\link-rc.write.1.tlog
d:\中级阶段\第三章 栈与队列\3.1 栈\debug\link.command.1.tlog
d:\中级阶段\第三章 栈与队列\3.1 栈\debug\link.read.1.tlog
d:\中级阶段\第三章 栈与队列\3.1 栈\debug\link.write.1.tlog
d:\中级阶段\第三章 栈与队列\3.1 栈\debug\vc110.idb
d:\中级阶段\第三章 栈与队列\3.1 栈\debug\vc142.idb
d:\中级阶段\第三章 栈与队列\3.1 栈\debug\vc110.pdb
d:\中级阶段\第三章 栈与队列\3.1 栈\debug\vc142.pdb
d:\中级阶段\第三章 栈与队列\debug\3.1 栈.pdb
d:\中级阶段\第三章 栈与队列\debug\3.1 栈.exe
d:\中级阶段\第三章 栈与队列\debug\3.1 栈.ilk
d:\中级阶段\第三章 栈与队列\3.1 栈\debug\3.1 栈.tlog\cl.command.1.tlog
d:\中级阶段\第三章 栈与队列\3.1 栈\debug\3.1 栈.tlog\cl.read.1.tlog
d:\中级阶段\第三章 栈与队列\3.1 栈\debug\3.1 栈.tlog\cl.write.1.tlog
d:\中级阶段\第三章 栈与队列\3.1 栈\debug\3.1 栈.tlog\link.command.1.tlog
d:\中级阶段\第三章 栈与队列\3.1 栈\debug\3.1 栈.tlog\link.delete.1.tlog
d:\中级阶段\第三章 栈与队列\3.1 栈\debug\3.1 栈.tlog\link.read.1.tlog
d:\中级阶段\第三章 栈与队列\3.1 栈\debug\3.1 栈.tlog\link.write.1.tlog
